New log file opened at Thu Mar 03 00:36:30 IST 2016 by 34856@vineets-MacBook-Pro.local
Taking next connection to: 56505
New client attempting to connect on port: 56506-56505
  Address = /172.28.128.1:56505
This client on port 56506 has uuid c7439f37-3925-4dea-bb58-2aa666dc3c20 configName play-fork-run humanReadableName Play Fork Run protocolVersion 1 featureTags Vector()
Connected Clients: play-fork-run-c7439f37-3925-4dea-bb58-2aa666dc3c20
Taking next connection to: 56505
Checking to see if clients are empty...
We have 1 non-daemon clients, continuing serving connections.
Taking next connection to: 56505
Checking to see if clients are empty...
We have 1 non-daemon clients, continuing serving connections.
Taking next connection to: 56505
Checking to see if clients are empty...
We have 1 non-daemon clients, continuing serving connections.
Taking next connection to: 56505
Checking to see if clients are empty...
We have 1 non-daemon clients, continuing serving connections.
Taking next connection to: 56505
Checking to see if clients are empty...
We have 1 non-daemon clients, continuing serving connections.
Taking next connection to: 56505
Checking to see if clients are empty...
We have 1 non-daemon clients, continuing serving connections.
Taking next connection to: 56505
Checking to see if clients are empty...
We have 1 non-daemon clients, continuing serving connections.
Taking next connection to: 56505
Checking to see if clients are empty...
We have 1 non-daemon clients, continuing serving connections.
Taking next connection to: 56505
Checking to see if clients are empty...
We have 1 non-daemon clients, continuing serving connections.
Taking next connection to: 56505
Checking to see if clients are empty...
We have 1 non-daemon clients, continuing serving connections.
Taking next connection to: 56505
Checking to see if clients are empty...
We have 1 non-daemon clients, continuing serving connections.
Taking next connection to: 56505
Checking to see if clients are empty...
We have 1 non-daemon clients, continuing serving connections.
Taking next connection to: 56505
Checking to see if clients are empty...
We have 1 non-daemon clients, continuing serving connections.
Taking next connection to: 56505
Checking to see if clients are empty...
We have 1 non-daemon clients, continuing serving connections.
Taking next connection to: 56505
Checking to see if clients are empty...
We have 1 non-daemon clients, continuing serving connections.
Taking next connection to: 56505
Checking to see if clients are empty...
We have 1 non-daemon clients, continuing serving connections.
Taking next connection to: 56505
Checking to see if clients are empty...
We have 1 non-daemon clients, continuing serving connections.
Taking next connection to: 56505
Checking to see if clients are empty...
We have 1 non-daemon clients, continuing serving connections.
Taking next connection to: 56505
Checking to see if clients are empty...
We have 1 non-daemon clients, continuing serving connections.
Taking next connection to: 56505
Checking to see if clients are empty...
We have 1 non-daemon clients, continuing serving connections.
Taking next connection to: 56505
Checking to see if clients are empty...
We have 1 non-daemon clients, continuing serving connections.
Taking next connection to: 56505
Checking to see if clients are empty...
We have 1 non-daemon clients, continuing serving connections.
Taking next connection to: 56505
Checking to see if clients are empty...
We have 1 non-daemon clients, continuing serving connections.
Taking next connection to: 56505
Checking to see if clients are empty...
We have 1 non-daemon clients, continuing serving connections.
Taking next connection to: 56505
Checking to see if clients are empty...
We have 1 non-daemon clients, continuing serving connections.
Taking next connection to: 56505
Checking to see if clients are empty...
We have 1 non-daemon clients, continuing serving connections.
Taking next connection to: 56505
Checking to see if clients are empty...
We have 1 non-daemon clients, continuing serving connections.
Taking next connection to: 56505
Checking to see if clients are empty...
We have 1 non-daemon clients, continuing serving connections.
Taking next connection to: 56505
Checking to see if clients are empty...
We have 1 non-daemon clients, continuing serving connections.
Taking next connection to: 56505
Checking to see if clients are empty...
We have 1 non-daemon clients, continuing serving connections.
Taking next connection to: 56505
Checking to see if clients are empty...
We have 1 non-daemon clients, continuing serving connections.
Taking next connection to: 56505
Checking to see if clients are empty...
We have 1 non-daemon clients, continuing serving connections.
Taking next connection to: 56505
Checking to see if clients are empty...
We have 1 non-daemon clients, continuing serving connections.
Taking next connection to: 56505
Checking to see if clients are empty...
We have 1 non-daemon clients, continuing serving connections.
Taking next connection to: 56505
Checking to see if clients are empty...
We have 1 non-daemon clients, continuing serving connections.
Taking next connection to: 56505
Checking to see if clients are empty...
We have 1 non-daemon clients, continuing serving connections.
Taking next connection to: 56505
Checking to see if clients are empty...
We have 1 non-daemon clients, continuing serving connections.
Taking next connection to: 56505
Checking to see if clients are empty...
We have 1 non-daemon clients, continuing serving connections.
Taking next connection to: 56505
Checking to see if clients are empty...
No non-daemon clients connected after 3 min. Shutting down.
Server socket thread exiting.
0 clients open, will close them...
All client sockets have been closed.
Closing the 34856@vineets-MacBook-Pro.local logs at Thu Mar 03 03:07:26 IST 2016, goodbye.
